2022-12-09 21:12:33 0 [Note] InnoDB: Mutexes and rw_locks use Windows interlocked functions
2022-12-09 21:12:33 0 [Note] InnoDB: Uses event mutexes
2022-12-09 21:12:33 0 [Note] InnoDB: Compressed tables use zlib 1.2.12
2022-12-09 21:12:33 0 [Note] InnoDB: Number of pools: 1
2022-12-09 21:12:33 0 [Note] InnoDB: Using SSE2 crc32 instructions
2022-12-09 21:12:33 0 [Note] InnoDB: Initializing buffer pool, total size = 16M, instances = 1, chunk size = 16M
2022-12-09 21:12:33 0 [Note] InnoDB: Completed initialization of buffer pool
2022-12-09 21:12:33 0 [Note] InnoDB: Starting crash recovery from checkpoint LSN=300288
2022-12-09 21:12:33 0 [Note] InnoDB: 128 out of 128 rollback segments are active.
2022-12-09 21:12:33 0 [Note] InnoDB: Removed temporary tablespace data file: "ibtmp1"
2022-12-09 21:12:33 0 [Note] InnoDB: Creating shared tablespace for temporary tables
2022-12-09 21:12:33 0 [Note] InnoDB: Setting file 'E:\xampp\mysql\data\ibtmp1' size to 12 MB. Physically writing the file full; Please wait ...
2022-12-09 21:12:33 0 [Note] InnoDB: File 'E:\xampp\mysql\data\ibtmp1' size is now 12 MB.
2022-12-09 21:12:33 0 [Note] InnoDB: Waiting for purge to start
2022-12-09 21:12:33 0 [Note] InnoDB: 10.4.27 started; log sequence number 300297; transaction id 170
2022-12-09 21:12:33 0 [Note] Plugin 'FEEDBACK' is disabled.
2022-12-09 21:12:33 0 [Note] InnoDB: Loading buffer pool(s) from E:\xampp\mysql\data\ib_buffer_pool
2022-12-09 21:12:33 0 [Note] Server socket created on IP: '::'.
2022-12-09 22:04:57 0 [ERROR] InnoDB: The innodb_system data file 'ibdata1' must be writable
2022-12-09 22:04:57 0 [ERROR] InnoDB: The innodb_system data file 'ibdata1' must be writable
2022-12-09 22:04:57 0 [ERROR] Plugin 'InnoDB' init function returned error.
2022-12-09 22:04:57 0 [ERROR] Plugin 'InnoDB' registration as a STORAGE ENGINE failed.
2022-12-09 22:04:57 0 [Note] Plugin 'FEEDBACK' is disabled.
2022-12-09 22:04:57 0 [ERROR] Unknown/unsupported storage engine: InnoDB
2022-12-09 22:04:57 0 [ERROR] Aborting
2022-12-09 22:09:28 0 [ERROR] InnoDB: The innodb_system data file 'ibdata1' must be writable
2022-12-09 22:09:28 0 [ERROR] InnoDB: The innodb_system data file 'ibdata1' must be writable
2022-12-09 22:09:28 0 [ERROR] Plugin 'InnoDB' init function returned error.
2022-12-09 22:09:28 0 [ERROR] Plugin 'InnoDB' registration as a STORAGE ENGINE failed.
2022-12-09 22:09:28 0 [Note] Plugin 'FEEDBACK' is disabled.
2022-12-09 22:09:28 0 [ERROR] Unknown/unsupported storage engine: InnoDB
2022-12-09 22:09:28 0 [ERROR] Aborting
2022-12-09 22:11:12 0 [Note] InnoDB: Mutexes and rw_locks use Windows interlocked functions
2022-12-09 22:11:12 0 [Note] InnoDB: Uses event mutexes
2022-12-09 22:11:12 0 [Note] InnoDB: Compressed tables use zlib 1.2.12
2022-12-09 22:11:12 0 [Note] InnoDB: Number of pools: 1
2022-12-09 22:11:12 0 [Note] InnoDB: Using SSE2 crc32 instructions
2022-12-09 22:11:12 0 [Note] InnoDB: Initializing buffer pool, total size = 16M, instances = 1, chunk size = 16M
2022-12-09 22:11:12 0 [Note] InnoDB: Completed initialization of buffer pool
2022-12-09 22:11:12 0 [Note] InnoDB: Starting crash recovery from checkpoint LSN=300324
2022-12-09 22:11:13 0 [Note] InnoDB: 128 out of 128 rollback segments are active.
2022-12-09 22:11:13 0 [Note] InnoDB: Removed temporary tablespace data file: "ibtmp1"
2022-12-09 22:11:13 0 [Note] InnoDB: Creating shared tablespace for temporary tables
2022-12-09 22:11:13 0 [Note] InnoDB: Setting file 'E:\xampp\mysql\data\ibtmp1' size to 12 MB. Physically writing the file full; Please wait ...
2022-12-09 22:11:13 0 [Note] InnoDB: File 'E:\xampp\mysql\data\ibtmp1' size is now 12 MB.
2022-12-09 22:11:13 0 [Note] InnoDB: Waiting for purge to start
2022-12-09 22:11:13 0 [Note] InnoDB: 10.4.27 started; log sequence number 300333; transaction id 170
2022-12-09 22:11:13 0 [Note] InnoDB: Loading buffer pool(s) from E:\xampp\mysql\data\ib_buffer_pool
2022-12-09 22:11:13 0 [Note] Plugin 'FEEDBACK' is disabled.
2022-12-09 22:11:13 0 [Note] Server socket created on IP: '::'.
2022-12-09 22:11:13 0 [Note] InnoDB: Buffer pool(s) load completed at 221209 22:11:13
2022-12-09 22:11:13 0 [Note] Reading of all Master_info entries succeeded
2022-12-09 22:11:13 0 [Note] Added new Master_info '' to hash table
2022-12-09 22:11:13 0 [Note] mysql\bin\mysqld: ready for connections.
Version: '10.4.27-MariaDB'  socket: ''  port: 3306  mariadb.org binary distribution
2022-12-09 22:20:11 0 [Note] InnoDB: The first innodb_system data file 'ibdata1' did not exist. A new tablespace will be created!
2022-12-09 22:20:11 0 [Note] InnoDB: Mutexes and rw_locks use Windows interlocked functions
2022-12-09 22:20:11 0 [Note] InnoDB: Uses event mutexes
2022-12-09 22:20:11 0 [Note] InnoDB: Compressed tables use zlib 1.2.12
2022-12-09 22:20:11 0 [Note] InnoDB: Number of pools: 1
2022-12-09 22:20:11 0 [Note] InnoDB: Using SSE2 crc32 instructions
2022-12-09 22:20:11 0 [Note] InnoDB: Initializing buffer pool, total size = 16M, instances = 1, chunk size = 16M
2022-12-09 22:20:11 0 [Note] InnoDB: Completed initialization of buffer pool
2022-12-09 22:20:11 0 [ERROR] InnoDB: Operating system error number 3 in a file operation.
2022-12-09 22:20:11 0 [ERROR] InnoDB: The error means the system cannot find the path specified.
2022-12-09 22:20:11 0 [ERROR] InnoDB: If you are installing InnoDB, remember that you must create directories yourself, InnoDB does not create them.
2022-12-09 22:20:11 0 [ERROR] InnoDB: File .\mysql\data\ibdata1: 'create' returned OS error 203. Cannot continue operation
221209 22:20:11 [ERROR] mysqld got exception 0x80000003 ;
This could be because you hit a bug. It is also possible that this binary
or one of the libraries it was linked against is corrupt, improperly built,
or misconfigured. This error can also be caused by malfunctioning hardware.

To report this bug, see https://mariadb.com/kb/en/reporting-bugs

We will try our best to scrape up some info that will hopefully help
diagnose the problem, but since we have already crashed, 
something is definitely wrong and this may fail.

Server version: 10.4.27-MariaDB
key_buffer_size=16777216
read_buffer_size=262144
max_used_connections=0
max_threads=65537
thread_count=0
It is possible that mysqld could use up to 
key_buffer_size + (read_buffer_size + sort_buffer_size)*max_threads = 20302 K  bytes of memory
Hope that's ok; if not, decrease some variables in the equation.

Thread pointer: 0x0
Attempting backtrace. You can use the following information to find out
where mysqld died. If you see no messages after this, something went
terribly wrong...
mysqld.exe!my_parameter_handler()
ucrtbase.dll!raise()
ucrtbase.dll!abort()
mysqld.exe!?_Assign_grow@?$_Hash_vec@V?$allocator@V?$_List_unchecked_iterator@V?$_List_val@U?$_List_simple_types@U?$pair@QEAU_iobuf@@PEAX@std@@@std@@@std@@@std@@@std@@@std@@QEAAX_KV?$_List_unchecked_iterator@V?$_List_val@U?$_List_simple_types@U?$pair@QEAU_iobuf@@PEAX@std@@@std@@@std@@@2@@Z()
mysqld.exe!?_Assign_grow@?$_Hash_vec@V?$allocator@V?$_List_unchecked_iterator@V?$_List_val@U?$_List_simple_types@U?$pair@QEAU_iobuf@@PEAX@std@@@std@@@std@@@std@@@std@@@std@@QEAAX_KV?$_List_unchecked_iterator@V?$_List_val@U?$_List_simple_types@U?$pair@QEAU_iobuf@@PEAX@std@@@std@@@std@@@2@@Z()
mysqld.exe!?_Assign_grow@?$_Hash_vec@V?$allocator@V?$_List_unchecked_iterator@V?$_List_val@U?$_List_simple_types@U?$pair@QEAU_iobuf@@PEAX@std@@@std@@@std@@@std@@@std@@@std@@QEAAX_KV?$_List_unchecked_iterator@V?$_List_val@U?$_List_simple_types@U?$pair@QEAU_iobuf@@PEAX@std@@@std@@@std@@@2@@Z()
mysqld.exe!pthread_dummy()
mysqld.exe!pthread_dummy()
mysqld.exe!pthread_dummy()
mysqld.exe!?_Xlen_string@std@@YAXXZ()
mysqld.exe!?ha_initialize_handlerton@@YAHPEAUst_plugin_int@@@Z()
mysqld.exe!?plugin_init@@YAHPEAHPEAPEADH@Z()
mysqld.exe!?plugin_init@@YAHPEAHPEAPEADH@Z()
mysqld.exe!?init_net_server_extension@@YAXPEAVTHD@@@Z()
mysqld.exe!?win_main@@YAHHPEAPEAD@Z()
mysqld.exe!?mysql_service@@YAXPEAX@Z()
mysqld.exe!?mysqld_main@@YAHHPEAPEAD@Z()
mysqld.exe!strxnmov()
KERNEL32.DLL!BaseThreadInitThunk()
ntdll.dll!RtlUserThreadStart()
The manual page at https://mariadb.com/kb/en/how-to-produce-a-full-stack-trace-for-mysqld/ contains
information that should help you find out what is causing the crash.
Writing a core file at C:\Users\jorgi\source\repos\Inventario\Inventario\mysql\data\
Minidump written to C:\Users\jorgi\source\repos\Inventario\Inventario\mysql\data\mysqld.dmp
2022-12-09 22:21:51 0 [Note] InnoDB: The first innodb_system data file 'ibdata1' did not exist. A new tablespace will be created!
2022-12-09 22:21:51 0 [Note] InnoDB: Mutexes and rw_locks use Windows interlocked functions
2022-12-09 22:21:51 0 [Note] InnoDB: Uses event mutexes
2022-12-09 22:21:51 0 [Note] InnoDB: Compressed tables use zlib 1.2.12
2022-12-09 22:21:51 0 [Note] InnoDB: Number of pools: 1
2022-12-09 22:21:51 0 [Note] InnoDB: Using SSE2 crc32 instructions
2022-12-09 22:21:51 0 [Note] InnoDB: Initializing buffer pool, total size = 16M, instances = 1, chunk size = 16M
2022-12-09 22:21:51 0 [Note] InnoDB: Completed initialization of buffer pool
2022-12-09 22:21:51 0 [ERROR] InnoDB: Operating system error number 3 in a file operation.
2022-12-09 22:21:51 0 [ERROR] InnoDB: The error means the system cannot find the path specified.
2022-12-09 22:21:51 0 [ERROR] InnoDB: If you are installing InnoDB, remember that you must create directories yourself, InnoDB does not create them.
2022-12-09 22:21:51 0 [ERROR] InnoDB: File .\mysql\data\ibdata1: 'create' returned OS error 203. Cannot continue operation
221209 22:21:51 [ERROR] mysqld got exception 0x80000003 ;
This could be because you hit a bug. It is also possible that this binary
or one of the libraries it was linked against is corrupt, improperly built,
or misconfigured. This error can also be caused by malfunctioning hardware.

To report this bug, see https://mariadb.com/kb/en/reporting-bugs

We will try our best to scrape up some info that will hopefully help
diagnose the problem, but since we have already crashed, 
something is definitely wrong and this may fail.

Server version: 10.4.27-MariaDB
key_buffer_size=16777216
read_buffer_size=262144
max_used_connections=0
max_threads=65537
thread_count=0
It is possible that mysqld could use up to 
key_buffer_size + (read_buffer_size + sort_buffer_size)*max_threads = 20302 K  bytes of memory
Hope that's ok; if not, decrease some variables in the equation.

Thread pointer: 0x0
Attempting backtrace. You can use the following information to find out
where mysqld died. If you see no messages after this, something went
terribly wrong...
mysqld.exe!my_parameter_handler()
ucrtbase.dll!raise()
ucrtbase.dll!abort()
mysqld.exe!?_Assign_grow@?$_Hash_vec@V?$allocator@V?$_List_unchecked_iterator@V?$_List_val@U?$_List_simple_types@U?$pair@QEAU_iobuf@@PEAX@std@@@std@@@std@@@std@@@std@@@std@@QEAAX_KV?$_List_unchecked_iterator@V?$_List_val@U?$_List_simple_types@U?$pair@QEAU_iobuf@@PEAX@std@@@std@@@std@@@2@@Z()
mysqld.exe!?_Assign_grow@?$_Hash_vec@V?$allocator@V?$_List_unchecked_iterator@V?$_List_val@U?$_List_simple_types@U?$pair@QEAU_iobuf@@PEAX@std@@@std@@@std@@@std@@@std@@@std@@QEAAX_KV?$_List_unchecked_iterator@V?$_List_val@U?$_List_simple_types@U?$pair@QEAU_iobuf@@PEAX@std@@@std@@@std@@@2@@Z()
mysqld.exe!?_Assign_grow@?$_Hash_vec@V?$allocator@V?$_List_unchecked_iterator@V?$_List_val@U?$_List_simple_types@U?$pair@QEAU_iobuf@@PEAX@std@@@std@@@std@@@std@@@std@@@std@@QEAAX_KV?$_List_unchecked_iterator@V?$_List_val@U?$_List_simple_types@U?$pair@QEAU_iobuf@@PEAX@std@@@std@@@std@@@2@@Z()
mysqld.exe!pthread_dummy()
mysqld.exe!pthread_dummy()
mysqld.exe!pthread_dummy()
mysqld.exe!?_Xlen_string@std@@YAXXZ()
mysqld.exe!?ha_initialize_handlerton@@YAHPEAUst_plugin_int@@@Z()
mysqld.exe!?plugin_init@@YAHPEAHPEAPEADH@Z()
mysqld.exe!?plugin_init@@YAHPEAHPEAPEADH@Z()
mysqld.exe!?init_net_server_extension@@YAXPEAVTHD@@@Z()
mysqld.exe!?win_main@@YAHHPEAPEAD@Z()
mysqld.exe!?mysql_service@@YAXPEAX@Z()
mysqld.exe!?mysqld_main@@YAHHPEAPEAD@Z()
mysqld.exe!strxnmov()
KERNEL32.DLL!BaseThreadInitThunk()
ntdll.dll!RtlUserThreadStart()
The manual page at https://mariadb.com/kb/en/how-to-produce-a-full-stack-trace-for-mysqld/ contains
information that should help you find out what is causing the crash.
Writing a core file at C:\Users\jorgi\source\repos\Inventario\Inventario\mysql\data\
Minidump written to C:\Users\jorgi\source\repos\Inventario\Inventario\mysql\data\mysqld.dmp
2022-12-10 20:21:15 0 [Note] InnoDB: The first innodb_system data file 'ibdata1' did not exist. A new tablespace will be created!
2022-12-10 20:21:15 0 [Note] InnoDB: Mutexes and rw_locks use Windows interlocked functions
2022-12-10 20:21:15 0 [Note] InnoDB: Uses event mutexes
2022-12-10 20:21:15 0 [Note] InnoDB: Compressed tables use zlib 1.2.12
2022-12-10 20:21:15 0 [Note] InnoDB: Number of pools: 1
2022-12-10 20:21:15 0 [Note] InnoDB: Using SSE2 crc32 instructions
2022-12-10 20:21:15 0 [Note] InnoDB: Initializing buffer pool, total size = 16M, instances = 1, chunk size = 16M
2022-12-10 20:21:15 0 [Note] InnoDB: Completed initialization of buffer pool
2022-12-10 20:21:15 0 [ERROR] InnoDB: Operating system error number 3 in a file operation.
2022-12-10 20:21:15 0 [ERROR] InnoDB: The error means the system cannot find the path specified.
2022-12-10 20:21:15 0 [ERROR] InnoDB: If you are installing InnoDB, remember that you must create directories yourself, InnoDB does not create them.
2022-12-10 20:21:15 0 [ERROR] InnoDB: File .\mysql\data\ibdata1: 'create' returned OS error 203. Cannot continue operation
221210 20:21:15 [ERROR] mysqld got exception 0x80000003 ;
This could be because you hit a bug. It is also possible that this binary
or one of the libraries it was linked against is corrupt, improperly built,
or misconfigured. This error can also be caused by malfunctioning hardware.

To report this bug, see https://mariadb.com/kb/en/reporting-bugs

We will try our best to scrape up some info that will hopefully help
diagnose the problem, but since we have already crashed, 
something is definitely wrong and this may fail.

Server version: 10.4.27-MariaDB
key_buffer_size=16777216
read_buffer_size=262144
max_used_connections=0
max_threads=65537
thread_count=0
It is possible that mysqld could use up to 
key_buffer_size + (read_buffer_size + sort_buffer_size)*max_threads = 20302 K  bytes of memory
Hope that's ok; if not, decrease some variables in the equation.

Thread pointer: 0x0
Attempting backtrace. You can use the following information to find out
where mysqld died. If you see no messages after this, something went
terribly wrong...
mysqld.exe!my_parameter_handler()
ucrtbase.dll!raise()
ucrtbase.dll!abort()
mysqld.exe!?_Assign_grow@?$_Hash_vec@V?$allocator@V?$_List_unchecked_iterator@V?$_List_val@U?$_List_simple_types@U?$pair@QEAU_iobuf@@PEAX@std@@@std@@@std@@@std@@@std@@@std@@QEAAX_KV?$_List_unchecked_iterator@V?$_List_val@U?$_List_simple_types@U?$pair@QEAU_iobuf@@PEAX@std@@@std@@@std@@@2@@Z()
mysqld.exe!?_Assign_grow@?$_Hash_vec@V?$allocator@V?$_List_unchecked_iterator@V?$_List_val@U?$_List_simple_types@U?$pair@QEAU_iobuf@@PEAX@std@@@std@@@std@@@std@@@std@@@std@@QEAAX_KV?$_List_unchecked_iterator@V?$_List_val@U?$_List_simple_types@U?$pair@QEAU_iobuf@@PEAX@std@@@std@@@std@@@2@@Z()
mysqld.exe!?_Assign_grow@?$_Hash_vec@V?$allocator@V?$_List_unchecked_iterator@V?$_List_val@U?$_List_simple_types@U?$pair@QEAU_iobuf@@PEAX@std@@@std@@@std@@@std@@@std@@@std@@QEAAX_KV?$_List_unchecked_iterator@V?$_List_val@U?$_List_simple_types@U?$pair@QEAU_iobuf@@PEAX@std@@@std@@@std@@@2@@Z()
mysqld.exe!pthread_dummy()
mysqld.exe!pthread_dummy()
mysqld.exe!pthread_dummy()
mysqld.exe!?_Xlen_string@std@@YAXXZ()
mysqld.exe!?ha_initialize_handlerton@@YAHPEAUst_plugin_int@@@Z()
mysqld.exe!?plugin_init@@YAHPEAHPEAPEADH@Z()
mysqld.exe!?plugin_init@@YAHPEAHPEAPEADH@Z()
mysqld.exe!?init_net_server_extension@@YAXPEAVTHD@@@Z()
mysqld.exe!?win_main@@YAHHPEAPEAD@Z()
mysqld.exe!?mysql_service@@YAXPEAX@Z()
mysqld.exe!?mysqld_main@@YAHHPEAPEAD@Z()
mysqld.exe!strxnmov()
KERNEL32.DLL!BaseThreadInitThunk()
ntdll.dll!RtlUserThreadStart()
The manual page at https://mariadb.com/kb/en/how-to-produce-a-full-stack-trace-for-mysqld/ contains
information that should help you find out what is causing the crash.
Writing a core file at C:\Users\jorgi\source\repos\Inventario\Inventario\mysql\data\
Minidump written to C:\Users\jorgi\source\repos\Inventario\Inventario\mysql\data\mysqld.dmp
2022-12-10 20:23:26 0 [Note] InnoDB: The first innodb_system data file 'ibdata1' did not exist. A new tablespace will be created!
2022-12-10 20:23:26 0 [Note] InnoDB: Mutexes and rw_locks use Windows interlocked functions
2022-12-10 20:23:26 0 [Note] InnoDB: Uses event mutexes
2022-12-10 20:23:26 0 [Note] InnoDB: Compressed tables use zlib 1.2.12
2022-12-10 20:23:26 0 [Note] InnoDB: Number of pools: 1
2022-12-10 20:23:26 0 [Note] InnoDB: Using SSE2 crc32 instructions
2022-12-10 20:23:26 0 [Note] InnoDB: Initializing buffer pool, total size = 16M, instances = 1, chunk size = 16M
2022-12-10 20:23:26 0 [Note] InnoDB: Completed initialization of buffer pool
2022-12-10 20:23:26 0 [ERROR] InnoDB: Operating system error number 3 in a file operation.
2022-12-10 20:23:26 0 [ERROR] InnoDB: The error means the system cannot find the path specified.
2022-12-10 20:23:26 0 [ERROR] InnoDB: If you are installing InnoDB, remember that you must create directories yourself, InnoDB does not create them.
2022-12-10 20:23:26 0 [ERROR] InnoDB: File .\mysql\data\ibdata1: 'create' returned OS error 203. Cannot continue operation
221210 20:23:26 [ERROR] mysqld got exception 0x80000003 ;
This could be because you hit a bug. It is also possible that this binary
or one of the libraries it was linked against is corrupt, improperly built,
or misconfigured. This error can also be caused by malfunctioning hardware.

To report this bug, see https://mariadb.com/kb/en/reporting-bugs

We will try our best to scrape up some info that will hopefully help
diagnose the problem, but since we have already crashed, 
something is definitely wrong and this may fail.

Server version: 10.4.27-MariaDB
key_buffer_size=16777216
read_buffer_size=262144
max_used_connections=0
max_threads=65537
thread_count=0
It is possible that mysqld could use up to 
key_buffer_size + (read_buffer_size + sort_buffer_size)*max_threads = 20302 K  bytes of memory
Hope that's ok; if not, decrease some variables in the equation.

Thread pointer: 0x0
Attempting backtrace. You can use the following information to find out
where mysqld died. If you see no messages after this, something went
terribly wrong...
mysqld.exe!my_parameter_handler()
ucrtbase.dll!raise()
ucrtbase.dll!abort()
mysqld.exe!?_Assign_grow@?$_Hash_vec@V?$allocator@V?$_List_unchecked_iterator@V?$_List_val@U?$_List_simple_types@U?$pair@QEAU_iobuf@@PEAX@std@@@std@@@std@@@std@@@std@@@std@@QEAAX_KV?$_List_unchecked_iterator@V?$_List_val@U?$_List_simple_types@U?$pair@QEAU_iobuf@@PEAX@std@@@std@@@std@@@2@@Z()
mysqld.exe!?_Assign_grow@?$_Hash_vec@V?$allocator@V?$_List_unchecked_iterator@V?$_List_val@U?$_List_simple_types@U?$pair@QEAU_iobuf@@PEAX@std@@@std@@@std@@@std@@@std@@@std@@QEAAX_KV?$_List_unchecked_iterator@V?$_List_val@U?$_List_simple_types@U?$pair@QEAU_iobuf@@PEAX@std@@@std@@@std@@@2@@Z()
mysqld.exe!?_Assign_grow@?$_Hash_vec@V?$allocator@V?$_List_unchecked_iterator@V?$_List_val@U?$_List_simple_types@U?$pair@QEAU_iobuf@@PEAX@std@@@std@@@std@@@std@@@std@@@std@@QEAAX_KV?$_List_unchecked_iterator@V?$_List_val@U?$_List_simple_types@U?$pair@QEAU_iobuf@@PEAX@std@@@std@@@std@@@2@@Z()
mysqld.exe!pthread_dummy()
mysqld.exe!pthread_dummy()
mysqld.exe!pthread_dummy()
mysqld.exe!?_Xlen_string@std@@YAXXZ()
mysqld.exe!?ha_initialize_handlerton@@YAHPEAUst_plugin_int@@@Z()
mysqld.exe!?plugin_init@@YAHPEAHPEAPEADH@Z()
mysqld.exe!?plugin_init@@YAHPEAHPEAPEADH@Z()
mysqld.exe!?init_net_server_extension@@YAXPEAVTHD@@@Z()
mysqld.exe!?win_main@@YAHHPEAPEAD@Z()
mysqld.exe!?mysql_service@@YAXPEAX@Z()
mysqld.exe!?mysqld_main@@YAHHPEAPEAD@Z()
mysqld.exe!strxnmov()
KERNEL32.DLL!BaseThreadInitThunk()
ntdll.dll!RtlUserThreadStart()
The manual page at https://mariadb.com/kb/en/how-to-produce-a-full-stack-trace-for-mysqld/ contains
information that should help you find out what is causing the crash.
Writing a core file at C:\Users\jorgi\source\repos\Inventario\Inventario\mysql\data\
Minidump written to C:\Users\jorgi\source\repos\Inventario\Inventario\mysql\data\mysqld.dmp
2022-12-10 20:30:29 0 [Note] InnoDB: Mutexes and rw_locks use Windows interlocked functions
2022-12-10 20:30:29 0 [Note] InnoDB: Uses event mutexes
2022-12-10 20:30:29 0 [Note] InnoDB: Compressed tables use zlib 1.2.12
2022-12-10 20:30:29 0 [Note] InnoDB: Number of pools: 1
2022-12-10 20:30:29 0 [Note] InnoDB: Using SSE2 crc32 instructions
2022-12-10 20:30:29 0 [Note] InnoDB: Initializing buffer pool, total size = 16M, instances = 1, chunk size = 16M
2022-12-10 20:30:29 0 [Note] InnoDB: Completed initialization of buffer pool
2022-12-10 20:30:29 0 [Note] InnoDB: Starting crash recovery from checkpoint LSN=300306
2022-12-10 20:30:29 0 [Note] InnoDB: 128 out of 128 rollback segments are active.
2022-12-10 20:30:29 0 [Note] InnoDB: Removed temporary tablespace data file: "ibtmp1"
2022-12-10 20:30:29 0 [Note] InnoDB: Creating shared tablespace for temporary tables
2022-12-10 20:30:29 0 [Note] InnoDB: Setting file 'C:\Users\jorgi\source\repos\Inventario\Inventario\mysql\data\ibtmp1' size to 12 MB. Physically writing the file full; Please wait ...
2022-12-10 20:30:29 0 [Note] InnoDB: File 'C:\Users\jorgi\source\repos\Inventario\Inventario\mysql\data\ibtmp1' size is now 12 MB.
2022-12-10 20:30:29 0 [Note] InnoDB: Waiting for purge to start
2022-12-10 20:30:29 0 [Note] InnoDB: 10.4.27 started; log sequence number 300315; transaction id 170
2022-12-10 20:30:29 0 [Note] InnoDB: Loading buffer pool(s) from C:\Users\jorgi\source\repos\Inventario\Inventario\mysql\data\ib_buffer_pool
2022-12-10 20:30:29 0 [Note] Plugin 'FEEDBACK' is disabled.
2022-12-10 20:30:29 0 [Note] InnoDB: Buffer pool(s) load completed at 221210 20:30:29
2022-12-10 20:30:29 0 [Note] Server socket created on IP: '::'.
2022-12-10 20:30:30 0 [Note] Reading of all Master_info entries succeeded
2022-12-10 20:30:30 0 [Note] Added new Master_info '' to hash table
2022-12-10 20:30:30 0 [Note] mysql\bin\mysqld: ready for connections.
Version: '10.4.27-MariaDB'  socket: ''  port: 3306  mariadb.org binary distribution
2022-12-10 20:38:34 0 [Note] InnoDB: Mutexes and rw_locks use Windows interlocked functions
2022-12-10 20:38:34 0 [Note] InnoDB: Uses event mutexes
2022-12-10 20:38:34 0 [Note] InnoDB: Compressed tables use zlib 1.2.12
2022-12-10 20:38:34 0 [Note] InnoDB: Number of pools: 1
2022-12-10 20:38:34 0 [Note] InnoDB: Using SSE2 crc32 instructions
2022-12-10 20:38:34 0 [Note] InnoDB: Initializing buffer pool, total size = 16M, instances = 1, chunk size = 16M
2022-12-10 20:38:34 0 [Note] InnoDB: Completed initialization of buffer pool
2022-12-10 20:38:34 0 [Note] InnoDB: Starting crash recovery from checkpoint LSN=300324
2022-12-10 20:38:34 0 [Note] InnoDB: 128 out of 128 rollback segments are active.
2022-12-10 20:38:34 0 [Note] InnoDB: Removed temporary tablespace data file: "ibtmp1"
2022-12-10 20:38:34 0 [Note] InnoDB: Creating shared tablespace for temporary tables
2022-12-10 20:38:34 0 [Note] InnoDB: Setting file 'C:\Users\jorgi\source\repos\Inventario\Inventario\mysql\data\ibtmp1' size to 12 MB. Physically writing the file full; Please wait ...
2022-12-10 20:38:34 0 [Note] InnoDB: File 'C:\Users\jorgi\source\repos\Inventario\Inventario\mysql\data\ibtmp1' size is now 12 MB.
2022-12-10 20:38:34 0 [Note] InnoDB: Waiting for purge to start
2022-12-10 20:38:34 0 [Note] InnoDB: 10.4.27 started; log sequence number 300333; transaction id 170
2022-12-10 20:38:34 0 [Note] InnoDB: Loading buffer pool(s) from C:\Users\jorgi\source\repos\Inventario\Inventario\mysql\data\ib_buffer_pool
2022-12-10 20:38:34 0 [Note] Plugin 'FEEDBACK' is disabled.
2022-12-10 20:38:34 0 [Note] Server socket created on IP: '::'.
2022-12-10 20:38:34 0 [Note] InnoDB: Buffer pool(s) load completed at 221210 20:38:34
2022-12-10 20:38:34 0 [Note] Reading of all Master_info entries succeeded
2022-12-10 20:38:34 0 [Note] Added new Master_info '' to hash table
2022-12-10 20:38:34 0 [Note] mysql\bin\mysqld: ready for connections.
Version: '10.4.27-MariaDB'  socket: ''  port: 3306  mariadb.org binary distribution
2022-12-10 20:38:40 8 [Warning] Aborted connection 8 to db: 'inventory_dts' user: 'root' host: 'localhost' (Got an error reading communication packets)
2022-12-10 20:38:40 9 [Warning] Aborted connection 9 to db: 'inventory_dts' user: 'root' host: 'localhost' (Got an error reading communication packets)
2022-12-11 13:50:11 0 [Note] InnoDB: Mutexes and rw_locks use Windows interlocked functions
2022-12-11 13:50:11 0 [Note] InnoDB: Uses event mutexes
2022-12-11 13:50:11 0 [Note] InnoDB: Compressed tables use zlib 1.2.12
2022-12-11 13:50:11 0 [Note] InnoDB: Number of pools: 1
2022-12-11 13:50:11 0 [Note] InnoDB: Using SSE2 crc32 instructions
2022-12-11 13:50:11 0 [Note] InnoDB: Initializing buffer pool, total size = 16M, instances = 1, chunk size = 16M
2022-12-11 13:50:11 0 [Note] InnoDB: Completed initialization of buffer pool
2022-12-11 13:50:11 0 [Note] InnoDB: Starting crash recovery from checkpoint LSN=300342
2022-12-11 13:50:12 0 [Note] InnoDB: 128 out of 128 rollback segments are active.
2022-12-11 13:50:12 0 [Note] InnoDB: Removed temporary tablespace data file: "ibtmp1"
2022-12-11 13:50:12 0 [Note] InnoDB: Creating shared tablespace for temporary tables
2022-12-11 13:50:12 0 [Note] InnoDB: Setting file 'C:\Users\jorgi\source\repos\Inventario\Inventario\mysql\data\ibtmp1' size to 12 MB. Physically writing the file full; Please wait ...
2022-12-11 13:50:12 0 [Note] InnoDB: File 'C:\Users\jorgi\source\repos\Inventario\Inventario\mysql\data\ibtmp1' size is now 12 MB.
2022-12-11 13:50:12 0 [Note] InnoDB: Waiting for purge to start
2022-12-11 13:50:12 0 [Note] InnoDB: 10.4.27 started; log sequence number 300351; transaction id 170
2022-12-11 13:50:12 0 [Note] InnoDB: Loading buffer pool(s) from C:\Users\jorgi\source\repos\Inventario\Inventario\mysql\data\ib_buffer_pool
2022-12-11 13:50:12 0 [Note] Plugin 'FEEDBACK' is disabled.
2022-12-11 13:50:12 0 [Note] InnoDB: Buffer pool(s) load completed at 221211 13:50:12
2022-12-11 13:50:12 0 [Note] Server socket created on IP: '::'.
2022-12-11 13:50:12 0 [Note] Reading of all Master_info entries succeeded
2022-12-11 13:50:12 0 [Note] Added new Master_info '' to hash table
2022-12-11 13:50:12 0 [Note] mysql\bin\mysqld: ready for connections.
Version: '10.4.27-MariaDB'  socket: ''  port: 3306  mariadb.org binary distribution
2022-12-11 13:50:17 8 [Warning] Aborted connection 8 to db: 'inventory_dts' user: 'root' host: 'localhost' (Got an error reading communication packets)
2022-12-11 14:22:44 0 [Note] InnoDB: Mutexes and rw_locks use Windows interlocked functions
2022-12-11 14:22:44 0 [Note] InnoDB: Uses event mutexes
2022-12-11 14:22:44 0 [Note] InnoDB: Compressed tables use zlib 1.2.12
2022-12-11 14:22:44 0 [Note] InnoDB: Number of pools: 1
2022-12-11 14:22:44 0 [Note] InnoDB: Using SSE2 crc32 instructions
2022-12-11 14:22:44 0 [Note] InnoDB: Initializing buffer pool, total size = 16M, instances = 1, chunk size = 16M
2022-12-11 14:22:44 0 [Note] InnoDB: Completed initialization of buffer pool
2022-12-11 14:22:44 0 [Note] InnoDB: Starting crash recovery from checkpoint LSN=300360
2022-12-11 14:22:44 0 [Note] InnoDB: 128 out of 128 rollback segments are active.
2022-12-11 14:22:44 0 [Note] InnoDB: Removed temporary tablespace data file: "ibtmp1"
2022-12-11 14:22:44 0 [Note] InnoDB: Creating shared tablespace for temporary tables
2022-12-11 14:22:44 0 [Note] InnoDB: Setting file 'C:\Users\jorgi\source\repos\Inventario\Inventario\mysql\data\ibtmp1' size to 12 MB. Physically writing the file full; Please wait ...
2022-12-11 14:22:44 0 [Note] InnoDB: File 'C:\Users\jorgi\source\repos\Inventario\Inventario\mysql\data\ibtmp1' size is now 12 MB.
2022-12-11 14:22:44 0 [Note] InnoDB: Waiting for purge to start
2022-12-11 14:22:44 0 [Note] InnoDB: 10.4.27 started; log sequence number 300369; transaction id 170
2022-12-11 14:22:44 0 [Note] InnoDB: Loading buffer pool(s) from C:\Users\jorgi\source\repos\Inventario\Inventario\mysql\data\ib_buffer_pool
2022-12-11 14:22:44 0 [Note] Plugin 'FEEDBACK' is disabled.
2022-12-11 14:22:44 0 [Note] Server socket created on IP: '::'.
2022-12-11 14:22:44 0 [Note] InnoDB: Buffer pool(s) load completed at 221211 14:22:44
2022-12-11 14:22:44 0 [Note] Reading of all Master_info entries succeeded
2022-12-11 14:22:44 0 [Note] Added new Master_info '' to hash table
2022-12-11 14:22:44 0 [Note] mysql\bin\mysqld: ready for connections.
Version: '10.4.27-MariaDB'  socket: ''  port: 3306  mariadb.org binary distribution
2022-12-11 14:22:51 8 [Warning] Aborted connection 8 to db: 'inventory_dts' user: 'root' host: 'localhost' (Got an error reading communication packets)
2022-12-11 14:22:51 9 [Warning] Aborted connection 9 to db: 'inventory_dts' user: 'root' host: 'localhost' (Got an error reading communication packets)
2022-12-16 22:06:56 0 [Note] InnoDB: Mutexes and rw_locks use Windows interlocked functions
2022-12-16 22:06:56 0 [Note] InnoDB: Uses event mutexes
2022-12-16 22:06:56 0 [Note] InnoDB: Compressed tables use zlib 1.2.12
2022-12-16 22:06:56 0 [Note] InnoDB: Number of pools: 1
2022-12-16 22:06:56 0 [Note] InnoDB: Using SSE2 crc32 instructions
2022-12-16 22:06:56 0 [Note] InnoDB: Initializing buffer pool, total size = 16M, instances = 1, chunk size = 16M
2022-12-16 22:06:56 0 [Note] InnoDB: Completed initialization of buffer pool
2022-12-16 22:06:56 0 [ERROR] InnoDB: Operating system error number 123 in a file operation.
2022-12-16 22:06:56 0 [Note] InnoDB: Some operating system error numbers are described at https://mariadb.com/kb/en/library/operating-system-error-codes/
2022-12-16 22:06:56 0 [ERROR] InnoDB: File C:\Users\jorgi ourceepos\Inventario\Inventario\mysql\data\ib_logfile101: 'create' returned OS error 323.
2022-12-16 22:06:56 0 [ERROR] InnoDB: Cannot create C:\Users\jorgi ourceepos\Inventario\Inventario\mysql\data\ib_logfile101
2022-12-16 22:06:56 0 [ERROR] InnoDB: Plugin initialization aborted with error Generic error
2022-12-16 22:06:57 0 [Note] InnoDB: Starting shutdown...
2022-12-16 22:06:57 0 [ERROR] Plugin 'InnoDB' init function returned error.
2022-12-16 22:06:57 0 [ERROR] Plugin 'InnoDB' registration as a STORAGE ENGINE failed.
2022-12-16 22:06:57 0 [Note] Plugin 'FEEDBACK' is disabled.
2022-12-16 22:06:57 0 [ERROR] Unknown/unsupported storage engine: InnoDB
2022-12-16 22:06:57 0 [ERROR] Aborting
2022-12-16 22:07:25 0 [Note] InnoDB: Mutexes and rw_locks use Windows interlocked functions
2022-12-16 22:07:25 0 [Note] InnoDB: Uses event mutexes
2022-12-16 22:07:25 0 [Note] InnoDB: Compressed tables use zlib 1.2.12
2022-12-16 22:07:25 0 [Note] InnoDB: Number of pools: 1
2022-12-16 22:07:25 0 [Note] InnoDB: Using SSE2 crc32 instructions
2022-12-16 22:07:25 0 [Note] InnoDB: Initializing buffer pool, total size = 16M, instances = 1, chunk size = 16M
2022-12-16 22:07:25 0 [Note] InnoDB: Completed initialization of buffer pool
2022-12-16 22:07:25 0 [ERROR] InnoDB: Operating system error number 123 in a file operation.
2022-12-16 22:07:25 0 [Note] InnoDB: Some operating system error numbers are described at https://mariadb.com/kb/en/library/operating-system-error-codes/
2022-12-16 22:07:25 0 [ERROR] InnoDB: File C:\Users\jorgi ourceepos\Inventario\Inventario\mysql\data\ib_logfile101: 'create' returned OS error 323.
2022-12-16 22:07:25 0 [ERROR] InnoDB: Cannot create C:\Users\jorgi ourceepos\Inventario\Inventario\mysql\data\ib_logfile101
2022-12-16 22:07:25 0 [ERROR] InnoDB: Plugin initialization aborted with error Generic error
2022-12-16 22:07:25 0 [Note] InnoDB: Starting shutdown...
2022-12-16 22:07:25 0 [ERROR] Plugin 'InnoDB' init function returned error.
2022-12-16 22:07:25 0 [ERROR] Plugin 'InnoDB' registration as a STORAGE ENGINE failed.
2022-12-16 22:07:25 0 [Note] Plugin 'FEEDBACK' is disabled.
2022-12-16 22:07:25 0 [ERROR] Unknown/unsupported storage engine: InnoDB
2022-12-16 22:07:25 0 [ERROR] Aborting
2022-12-16 22:07:51 0 [Note] InnoDB: Mutexes and rw_locks use Windows interlocked functions
2022-12-16 22:07:51 0 [Note] InnoDB: Uses event mutexes
2022-12-16 22:07:51 0 [Note] InnoDB: Compressed tables use zlib 1.2.12
2022-12-16 22:07:51 0 [Note] InnoDB: Number of pools: 1
2022-12-16 22:07:51 0 [Note] InnoDB: Using SSE2 crc32 instructions
2022-12-16 22:07:51 0 [Note] InnoDB: Initializing buffer pool, total size = 16M, instances = 1, chunk size = 16M
2022-12-16 22:07:51 0 [Note] InnoDB: Completed initialization of buffer pool
2022-12-16 22:07:51 0 [ERROR] InnoDB: Operating system error number 123 in a file operation.
2022-12-16 22:07:51 0 [Note] InnoDB: Some operating system error numbers are described at https://mariadb.com/kb/en/library/operating-system-error-codes/
2022-12-16 22:07:51 0 [ERROR] InnoDB: File C:\Users\jorgi ourceepos\Inventario\Inventario\mysql\data\ib_logfile101: 'create' returned OS error 323.
2022-12-16 22:07:51 0 [ERROR] InnoDB: Cannot create C:\Users\jorgi ourceepos\Inventario\Inventario\mysql\data\ib_logfile101
2022-12-16 22:07:51 0 [ERROR] InnoDB: Plugin initialization aborted with error Generic error
2022-12-16 22:07:52 0 [Note] InnoDB: Starting shutdown...
2022-12-16 22:07:52 0 [ERROR] Plugin 'InnoDB' init function returned error.
2022-12-16 22:07:52 0 [ERROR] Plugin 'InnoDB' registration as a STORAGE ENGINE failed.
2022-12-16 22:07:52 0 [Note] Plugin 'FEEDBACK' is disabled.
2022-12-16 22:07:52 0 [ERROR] Unknown/unsupported storage engine: InnoDB
2022-12-16 22:07:52 0 [ERROR] Aborting
2022-12-16 22:08:25 0 [Note] InnoDB: Mutexes and rw_locks use Windows interlocked functions
2022-12-16 22:08:25 0 [Note] InnoDB: Uses event mutexes
2022-12-16 22:08:25 0 [Note] InnoDB: Compressed tables use zlib 1.2.12
2022-12-16 22:08:25 0 [Note] InnoDB: Number of pools: 1
2022-12-16 22:08:25 0 [Note] InnoDB: Using SSE2 crc32 instructions
2022-12-16 22:08:25 0 [Note] InnoDB: Initializing buffer pool, total size = 16M, instances = 1, chunk size = 16M
2022-12-16 22:08:25 0 [Note] InnoDB: Completed initialization of buffer pool
2022-12-16 22:08:25 0 [ERROR] InnoDB: Operating system error number 123 in a file operation.
2022-12-16 22:08:25 0 [Note] InnoDB: Some operating system error numbers are described at https://mariadb.com/kb/en/library/operating-system-error-codes/
2022-12-16 22:08:25 0 [ERROR] InnoDB: File C:\Users\jorgi ourceepos\Inventario\Inventario\mysql\data\ib_logfile101: 'create' returned OS error 323.
2022-12-16 22:08:25 0 [ERROR] InnoDB: Cannot create C:\Users\jorgi ourceepos\Inventario\Inventario\mysql\data\ib_logfile101
2022-12-16 22:08:25 0 [ERROR] InnoDB: Plugin initialization aborted with error Generic error
2022-12-16 22:08:25 0 [Note] InnoDB: Starting shutdown...
2022-12-16 22:08:26 0 [ERROR] Plugin 'InnoDB' init function returned error.
2022-12-16 22:08:26 0 [ERROR] Plugin 'InnoDB' registration as a STORAGE ENGINE failed.
2022-12-16 22:08:26 0 [Note] Plugin 'FEEDBACK' is disabled.
2022-12-16 22:08:26 0 [ERROR] Unknown/unsupported storage engine: InnoDB
2022-12-16 22:08:26 0 [ERROR] Aborting
2022-12-16 22:12:27 0 [Note] InnoDB: Mutexes and rw_locks use Windows interlocked functions
2022-12-16 22:12:27 0 [Note] InnoDB: Uses event mutexes
2022-12-16 22:12:27 0 [Note] InnoDB: Compressed tables use zlib 1.2.12
2022-12-16 22:12:27 0 [Note] InnoDB: Number of pools: 1
2022-12-16 22:12:27 0 [Note] InnoDB: Using SSE2 crc32 instructions
2022-12-16 22:12:27 0 [Note] InnoDB: Initializing buffer pool, total size = 16M, instances = 1, chunk size = 16M
2022-12-16 22:12:27 0 [Note] InnoDB: Completed initialization of buffer pool
2022-12-16 22:12:27 0 [Note] InnoDB: Starting crash recovery from checkpoint LSN=300378
2022-12-16 22:12:28 0 [Note] InnoDB: 128 out of 128 rollback segments are active.
2022-12-16 22:12:28 0 [Note] InnoDB: Removed temporary tablespace data file: "ibtmp1"
2022-12-16 22:12:28 0 [Note] InnoDB: Creating shared tablespace for temporary tables
2022-12-16 22:12:28 0 [Note] InnoDB: Setting file 'C:\Users\jorgi\source\repos\Inventario\Inventario\mysql\data\ibtmp1' size to 12 MB. Physically writing the file full; Please wait ...
2022-12-16 22:12:28 0 [Note] InnoDB: File 'C:\Users\jorgi\source\repos\Inventario\Inventario\mysql\data\ibtmp1' size is now 12 MB.
2022-12-16 22:12:28 0 [Note] InnoDB: Waiting for purge to start
2022-12-16 22:12:28 0 [Note] InnoDB: 10.4.27 started; log sequence number 300387; transaction id 170
2022-12-16 22:12:28 0 [Note] InnoDB: Loading buffer pool(s) from C:\Users\jorgi\source\repos\Inventario\Inventario\mysql\data\ib_buffer_pool
2022-12-16 22:12:28 0 [Note] Plugin 'FEEDBACK' is disabled.
2022-12-16 22:12:28 0 [Note] Server socket created on IP: '::'.
2022-12-16 22:12:28 0 [Note] InnoDB: Buffer pool(s) load completed at 221216 22:12:28
2022-12-16 22:12:28 0 [Note] Reading of all Master_info entries succeeded
2022-12-16 22:12:28 0 [Note] Added new Master_info '' to hash table
2022-12-16 22:12:28 0 [Note] mysql\bin\mysqld: ready for connections.
Version: '10.4.27-MariaDB'  socket: ''  port: 3306  mariadb.org binary distribution
2022-12-16 22:27:06 0 [ERROR] InnoDB: The innodb_system data file 'ibdata1' must be writable
2022-12-16 22:27:06 0 [ERROR] InnoDB: The innodb_system data file 'ibdata1' must be writable
2022-12-16 22:27:06 0 [ERROR] Plugin 'InnoDB' init function returned error.
2022-12-16 22:27:06 0 [ERROR] Plugin 'InnoDB' registration as a STORAGE ENGINE failed.
2022-12-16 22:27:06 0 [Note] Plugin 'FEEDBACK' is disabled.
2022-12-16 22:27:06 0 [ERROR] Unknown/unsupported storage engine: InnoDB
2022-12-16 22:27:06 0 [ERROR] Aborting
2022-12-16 22:28:15 10 [Warning] Aborted connection 10 to db: 'inventory_dts' user: 'root' host: 'localhost' (Got an error reading communication packets)
2022-12-16 22:29:44 0 [ERROR] InnoDB: The innodb_system data file 'ibdata1' must be writable
2022-12-16 22:29:44 0 [ERROR] InnoDB: The innodb_system data file 'ibdata1' must be writable
2022-12-16 22:29:44 0 [ERROR] Plugin 'InnoDB' init function returned error.
2022-12-16 22:29:44 0 [ERROR] Plugin 'InnoDB' registration as a STORAGE ENGINE failed.
2022-12-16 22:29:44 0 [Note] Plugin 'FEEDBACK' is disabled.
2022-12-16 22:29:44 0 [ERROR] Unknown/unsupported storage engine: InnoDB
2022-12-16 22:29:44 0 [ERROR] Aborting
2022-12-16 22:30:47 11 [Warning] Aborted connection 11 to db: 'inventory_dts' user: 'root' host: 'localhost' (Got an error reading communication packets)
2022-12-16 22:31:34 0 [ERROR] InnoDB: The innodb_system data file 'ibdata1' must be writable
2022-12-16 22:31:34 0 [ERROR] InnoDB: The innodb_system data file 'ibdata1' must be writable
2022-12-16 22:31:34 0 [ERROR] Plugin 'InnoDB' init function returned error.
2022-12-16 22:31:34 0 [ERROR] Plugin 'InnoDB' registration as a STORAGE ENGINE failed.
2022-12-16 22:31:34 0 [Note] Plugin 'FEEDBACK' is disabled.
2022-12-16 22:31:34 0 [ERROR] Unknown/unsupported storage engine: InnoDB
2022-12-16 22:31:34 0 [ERROR] Aborting
2022-12-16 22:31:38 12 [Warning] Aborted connection 12 to db: 'inventory_dts' user: 'root' host: 'localhost' (Got an error reading communication packets)
2022-12-16 22:31:46 0 [ERROR] InnoDB: The innodb_system data file 'ibdata1' must be writable
2022-12-16 22:31:46 0 [ERROR] InnoDB: The innodb_system data file 'ibdata1' must be writable
2022-12-16 22:31:46 0 [ERROR] Plugin 'InnoDB' init function returned error.
2022-12-16 22:31:46 0 [ERROR] Plugin 'InnoDB' registration as a STORAGE ENGINE failed.
2022-12-16 22:31:46 0 [Note] Plugin 'FEEDBACK' is disabled.
2022-12-16 22:31:46 0 [ERROR] Unknown/unsupported storage engine: InnoDB
2022-12-16 22:31:46 0 [ERROR] Aborting
2022-12-16 22:32:07 13 [Warning] Aborted connection 13 to db: 'inventory_dts' user: 'root' host: 'localhost' (Got an error reading communication packets)
2022-12-16 22:50:06 0 [Note] InnoDB: Mutexes and rw_locks use Windows interlocked functions
2022-12-16 22:50:06 0 [Note] InnoDB: Uses event mutexes
2022-12-16 22:50:06 0 [Note] InnoDB: Compressed tables use zlib 1.2.12
2022-12-16 22:50:06 0 [Note] InnoDB: Number of pools: 1
2022-12-16 22:50:06 0 [Note] InnoDB: Using SSE2 crc32 instructions
2022-12-16 22:50:06 0 [Note] InnoDB: Initializing buffer pool, total size = 16M, instances = 1, chunk size = 16M
2022-12-16 22:50:06 0 [Note] InnoDB: Completed initialization of buffer pool
2022-12-16 22:50:06 0 [Note] InnoDB: Starting crash recovery from checkpoint LSN=397209
2022-12-16 22:50:06 0 [Note] InnoDB: 128 out of 128 rollback segments are active.
2022-12-16 22:50:06 0 [Note] InnoDB: Removed temporary tablespace data file: "ibtmp1"
2022-12-16 22:50:06 0 [Note] InnoDB: Creating shared tablespace for temporary tables
2022-12-16 22:50:06 0 [Note] InnoDB: Setting file 'C:\Users\jorgi\source\repos\Inventario\Inventario\mysql\data\ibtmp1' size to 12 MB. Physically writing the file full; Please wait ...
2022-12-16 22:50:06 0 [Note] InnoDB: File 'C:\Users\jorgi\source\repos\Inventario\Inventario\mysql\data\ibtmp1' size is now 12 MB.
2022-12-16 22:50:06 0 [Note] InnoDB: Waiting for purge to start
2022-12-16 22:50:06 0 [Note] InnoDB: 10.4.27 started; log sequence number 397218; transaction id 363
2022-12-16 22:50:06 0 [Note] InnoDB: Loading buffer pool(s) from C:\Users\jorgi\source\repos\Inventario\Inventario\mysql\data\ib_buffer_pool
2022-12-16 22:50:06 0 [Note] Plugin 'FEEDBACK' is disabled.
2022-12-16 22:50:06 0 [Note] Server socket created on IP: '::'.
2022-12-16 22:50:06 0 [Note] InnoDB: Buffer pool(s) load completed at 221216 22:50:06
2022-12-16 22:50:06 0 [Note] Reading of all Master_info entries succeeded
2022-12-16 22:50:06 0 [Note] Added new Master_info '' to hash table
2022-12-16 22:50:06 0 [Note] mysql\bin\mysqld: ready for connections.
Version: '10.4.27-MariaDB'  socket: ''  port: 3306  mariadb.org binary distribution
2022-12-16 22:51:07 9 [Warning] Aborted connection 9 to db: 'inventory_dts' user: 'root' host: 'localhost' (Got an error reading communication packets)
2022-12-16 22:54:47 0 [ERROR] InnoDB: The innodb_system data file 'ibdata1' must be writable
2022-12-16 22:54:47 0 [ERROR] InnoDB: The innodb_system data file 'ibdata1' must be writable
2022-12-16 22:54:47 0 [ERROR] Plugin 'InnoDB' init function returned error.
2022-12-16 22:54:47 0 [ERROR] Plugin 'InnoDB' registration as a STORAGE ENGINE failed.
2022-12-16 22:54:47 0 [Note] Plugin 'FEEDBACK' is disabled.
2022-12-16 22:54:47 0 [ERROR] Unknown/unsupported storage engine: InnoDB
2022-12-16 22:54:47 0 [ERROR] Aborting
2022-12-16 22:55:29 10 [Warning] Aborted connection 10 to db: 'inventory_dts' user: 'root' host: 'localhost' (Got an error reading communication packets)
2022-12-16 22:57:09 0 [ERROR] InnoDB: The innodb_system data file 'ibdata1' must be writable
2022-12-16 22:57:09 0 [ERROR] InnoDB: The innodb_system data file 'ibdata1' must be writable
2022-12-16 22:57:09 0 [ERROR] Plugin 'InnoDB' init function returned error.
2022-12-16 22:57:09 0 [ERROR] Plugin 'InnoDB' registration as a STORAGE ENGINE failed.
2022-12-16 22:57:09 0 [Note] Plugin 'FEEDBACK' is disabled.
2022-12-16 22:57:09 0 [ERROR] Unknown/unsupported storage engine: InnoDB
2022-12-16 22:57:09 0 [ERROR] Aborting
2022-12-16 22:57:23 0 [ERROR] InnoDB: The innodb_system data file 'ibdata1' must be writable
2022-12-16 22:57:23 0 [ERROR] InnoDB: The innodb_system data file 'ibdata1' must be writable
2022-12-16 22:57:23 0 [ERROR] Plugin 'InnoDB' init function returned error.
2022-12-16 22:57:23 0 [ERROR] Plugin 'InnoDB' registration as a STORAGE ENGINE failed.
2022-12-16 22:57:23 0 [Note] Plugin 'FEEDBACK' is disabled.
2022-12-16 22:57:23 0 [ERROR] Unknown/unsupported storage engine: InnoDB
2022-12-16 22:57:23 0 [ERROR] Aborting
2022-12-16 22:58:18 0 [ERROR] InnoDB: The innodb_system data file 'ibdata1' must be writable
2022-12-16 22:58:18 0 [ERROR] InnoDB: The innodb_system data file 'ibdata1' must be writable
2022-12-16 22:58:18 0 [ERROR] Plugin 'InnoDB' init function returned error.
2022-12-16 22:58:18 0 [ERROR] Plugin 'InnoDB' registration as a STORAGE ENGINE failed.
2022-12-16 22:58:18 0 [Note] Plugin 'FEEDBACK' is disabled.
2022-12-16 22:58:18 0 [ERROR] Unknown/unsupported storage engine: InnoDB
2022-12-16 22:58:18 0 [ERROR] Aborting
2022-12-16 22:58:28 13 [Warning] Aborted connection 13 to db: 'inventory_dts' user: 'root' host: 'localhost' (Got an error reading communication packets)
2022-12-16 22:58:44 0 [ERROR] InnoDB: The innodb_system data file 'ibdata1' must be writable
2022-12-16 22:58:44 0 [ERROR] InnoDB: The innodb_system data file 'ibdata1' must be writable
2022-12-16 22:58:44 0 [ERROR] Plugin 'InnoDB' init function returned error.
2022-12-16 22:58:44 0 [ERROR] Plugin 'InnoDB' registration as a STORAGE ENGINE failed.
2022-12-16 22:58:44 0 [Note] Plugin 'FEEDBACK' is disabled.
2022-12-16 22:58:44 0 [ERROR] Unknown/unsupported storage engine: InnoDB
2022-12-16 22:58:44 0 [ERROR] Aborting
2022-12-16 23:02:40 0 [ERROR] InnoDB: The innodb_system data file 'ibdata1' must be writable
2022-12-16 23:02:40 0 [ERROR] InnoDB: The innodb_system data file 'ibdata1' must be writable
2022-12-16 23:02:40 0 [ERROR] Plugin 'InnoDB' init function returned error.
2022-12-16 23:02:40 0 [ERROR] Plugin 'InnoDB' registration as a STORAGE ENGINE failed.
2022-12-16 23:02:40 0 [Note] Plugin 'FEEDBACK' is disabled.
2022-12-16 23:02:40 0 [ERROR] Unknown/unsupported storage engine: InnoDB
2022-12-16 23:02:40 0 [ERROR] Aborting
2022-12-20 22:46:14 0 [Note] InnoDB: Mutexes and rw_locks use Windows interlocked functions
2022-12-20 22:46:14 0 [Note] InnoDB: Uses event mutexes
2022-12-20 22:46:14 0 [Note] InnoDB: Compressed tables use zlib 1.2.12
2022-12-20 22:46:14 0 [Note] InnoDB: Number of pools: 1
2022-12-20 22:46:14 0 [Note] InnoDB: Using SSE2 crc32 instructions
2022-12-20 22:46:14 0 [Note] InnoDB: Initializing buffer pool, total size = 16M, instances = 1, chunk size = 16M
2022-12-20 22:46:14 0 [Note] InnoDB: Completed initialization of buffer pool
2022-12-20 22:46:14 0 [Note] InnoDB: Starting crash recovery from checkpoint LSN=519459
2022-12-20 22:46:14 0 [Note] InnoDB: 128 out of 128 rollback segments are active.
2022-12-20 22:46:14 0 [Note] InnoDB: Removed temporary tablespace data file: "ibtmp1"
2022-12-20 22:46:14 0 [Note] InnoDB: Creating shared tablespace for temporary tables
2022-12-20 22:46:14 0 [Note] InnoDB: Setting file 'C:\Users\jorgi\source\repos\Inventario\Inventario\mysql\data\ibtmp1' size to 12 MB. Physically writing the file full; Please wait ...
2022-12-20 22:46:14 0 [Note] InnoDB: File 'C:\Users\jorgi\source\repos\Inventario\Inventario\mysql\data\ibtmp1' size is now 12 MB.
2022-12-20 22:46:14 0 [Note] InnoDB: Waiting for purge to start
2022-12-20 22:46:14 0 [Note] InnoDB: 10.4.27 started; log sequence number 519468; transaction id 640
2022-12-20 22:46:14 0 [Note] InnoDB: Loading buffer pool(s) from C:\Users\jorgi\source\repos\Inventario\Inventario\mysql\data\ib_buffer_pool
2022-12-20 22:46:14 0 [Note] Plugin 'FEEDBACK' is disabled.
2022-12-20 22:46:14 0 [Note] InnoDB: Buffer pool(s) load completed at 221220 22:46:14
2022-12-20 22:46:14 0 [Note] Server socket created on IP: '::'.
2022-12-20 22:46:15 0 [Note] Reading of all Master_info entries succeeded
2022-12-20 22:46:15 0 [Note] Added new Master_info '' to hash table
2022-12-20 22:46:15 0 [Note] mysql\bin\mysqld: ready for connections.
Version: '10.4.27-MariaDB'  socket: ''  port: 3306  mariadb.org binary distribution
2022-12-20 23:14:21 0 [ERROR] InnoDB: The innodb_system data file 'ibdata1' must be writable
2022-12-20 23:14:21 0 [ERROR] InnoDB: The innodb_system data file 'ibdata1' must be writable
2022-12-20 23:14:21 0 [ERROR] Plugin 'InnoDB' init function returned error.
2022-12-20 23:14:21 0 [ERROR] Plugin 'InnoDB' registration as a STORAGE ENGINE failed.
2022-12-20 23:14:21 0 [Note] Plugin 'FEEDBACK' is disabled.
2022-12-20 23:14:21 0 [ERROR] Unknown/unsupported storage engine: InnoDB
2022-12-20 23:14:21 0 [ERROR] Aborting
2022-12-20 23:14:39 9 [Warning] Aborted connection 9 to db: 'inventory_dts' user: 'root' host: 'localhost' (Got an error reading communication packets)
2022-12-20 23:18:37 0 [ERROR] InnoDB: The innodb_system data file 'ibdata1' must be writable
2022-12-20 23:18:37 0 [ERROR] InnoDB: The innodb_system data file 'ibdata1' must be writable
2022-12-20 23:18:37 0 [ERROR] Plugin 'InnoDB' init function returned error.
2022-12-20 23:18:37 0 [ERROR] Plugin 'InnoDB' registration as a STORAGE ENGINE failed.
2022-12-20 23:18:37 0 [Note] Plugin 'FEEDBACK' is disabled.
2022-12-20 23:18:37 0 [ERROR] Unknown/unsupported storage engine: InnoDB
2022-12-20 23:18:37 0 [ERROR] Aborting
2022-12-20 23:20:22 0 [ERROR] InnoDB: The innodb_system data file 'ibdata1' must be writable
2022-12-20 23:20:22 0 [ERROR] InnoDB: The innodb_system data file 'ibdata1' must be writable
2022-12-20 23:20:22 0 [ERROR] Plugin 'InnoDB' init function returned error.
2022-12-20 23:20:22 0 [ERROR] Plugin 'InnoDB' registration as a STORAGE ENGINE failed.
2022-12-20 23:20:22 0 [Note] Plugin 'FEEDBACK' is disabled.
2022-12-20 23:20:22 0 [ERROR] Unknown/unsupported storage engine: InnoDB
2022-12-20 23:20:22 0 [ERROR] Aborting
2022-12-20 23:20:55 11 [Warning] Aborted connection 11 to db: 'inventory_dts' user: 'root' host: 'localhost' (Got an error reading communication packets)
2022-12-20 23:21:44 0 [ERROR] InnoDB: The innodb_system data file 'ibdata1' must be writable
2022-12-20 23:21:44 0 [ERROR] InnoDB: The innodb_system data file 'ibdata1' must be writable
2022-12-20 23:21:44 0 [ERROR] Plugin 'InnoDB' init function returned error.
2022-12-20 23:21:44 0 [ERROR] Plugin 'InnoDB' registration as a STORAGE ENGINE failed.
2022-12-20 23:21:44 0 [Note] Plugin 'FEEDBACK' is disabled.
2022-12-20 23:21:44 0 [ERROR] Unknown/unsupported storage engine: InnoDB
2022-12-20 23:21:44 0 [ERROR] Aborting
2022-12-20 23:22:03 12 [Warning] Aborted connection 12 to db: 'inventory_dts' user: 'root' host: 'localhost' (Got an error reading communication packets)
2022-12-20 23:22:42 0 [ERROR] InnoDB: The innodb_system data file 'ibdata1' must be writable
2022-12-20 23:22:42 0 [ERROR] InnoDB: The innodb_system data file 'ibdata1' must be writable
2022-12-20 23:22:42 0 [ERROR] Plugin 'InnoDB' init function returned error.
2022-12-20 23:22:42 0 [ERROR] Plugin 'InnoDB' registration as a STORAGE ENGINE failed.
2022-12-20 23:22:42 0 [Note] Plugin 'FEEDBACK' is disabled.
2022-12-20 23:22:42 0 [ERROR] Unknown/unsupported storage engine: InnoDB
2022-12-20 23:22:42 0 [ERROR] Aborting
2022-12-20 23:23:10 0 [ERROR] InnoDB: The innodb_system data file 'ibdata1' must be writable
2022-12-20 23:23:10 0 [ERROR] InnoDB: The innodb_system data file 'ibdata1' must be writable
2022-12-20 23:23:10 0 [ERROR] Plugin 'InnoDB' init function returned error.
2022-12-20 23:23:10 0 [ERROR] Plugin 'InnoDB' registration as a STORAGE ENGINE failed.
2022-12-20 23:23:10 0 [Note] Plugin 'FEEDBACK' is disabled.
2022-12-20 23:23:10 0 [ERROR] Unknown/unsupported storage engine: InnoDB
2022-12-20 23:23:10 0 [ERROR] Aborting
2023-01-05 21:13:56 0 [Note] InnoDB: Mutexes and rw_locks use Windows interlocked functions
2023-01-05 21:13:56 0 [Note] InnoDB: Uses event mutexes
2023-01-05 21:13:56 0 [Note] InnoDB: Compressed tables use zlib 1.2.12
2023-01-05 21:13:56 0 [Note] InnoDB: Number of pools: 1
2023-01-05 21:13:56 0 [Note] InnoDB: Using SSE2 crc32 instructions
2023-01-05 21:13:56 0 [Note] InnoDB: Initializing buffer pool, total size = 16M, instances = 1, chunk size = 16M
2023-01-05 21:13:56 0 [Note] InnoDB: Completed initialization of buffer pool
2023-01-05 21:13:56 0 [Note] InnoDB: Starting crash recovery from checkpoint LSN=556978
2023-01-05 21:13:56 0 [Note] InnoDB: 128 out of 128 rollback segments are active.
2023-01-05 21:13:56 0 [Note] InnoDB: Removed temporary tablespace data file: "ibtmp1"
2023-01-05 21:13:56 0 [Note] InnoDB: Creating shared tablespace for temporary tables
2023-01-05 21:13:56 0 [Note] InnoDB: Setting file 'C:\Users\jorgi\source\repos\OpenQueu\OpenQueu\mysql\data\ibtmp1' size to 12 MB. Physically writing the file full; Please wait ...
2023-01-05 21:13:56 0 [Note] InnoDB: File 'C:\Users\jorgi\source\repos\OpenQueu\OpenQueu\mysql\data\ibtmp1' size is now 12 MB.
2023-01-05 21:13:56 0 [Note] InnoDB: Waiting for purge to start
2023-01-05 21:13:56 0 [Note] InnoDB: 10.4.27 started; log sequence number 556987; transaction id 713
2023-01-05 21:13:56 0 [Note] InnoDB: Loading buffer pool(s) from C:\Users\jorgi\source\repos\OpenQueu\OpenQueu\mysql\data\ib_buffer_pool
2023-01-05 21:13:56 0 [Note] Plugin 'FEEDBACK' is disabled.
2023-01-05 21:13:56 0 [Note] InnoDB: Buffer pool(s) load completed at 230105 21:13:56
2023-01-05 21:13:56 0 [Note] Server socket created on IP: '::'.
2023-01-05 21:13:56 0 [Note] Reading of all Master_info entries succeeded
2023-01-05 21:13:56 0 [Note] Added new Master_info '' to hash table
2023-01-05 21:13:56 0 [Note] mysql\bin\mysqld: ready for connections.
Version: '10.4.27-MariaDB'  socket: ''  port: 3306  mariadb.org binary distribution
2023-01-07 20:12:11 0 [Note] InnoDB: Mutexes and rw_locks use Windows interlocked functions
2023-01-07 20:12:11 0 [Note] InnoDB: Uses event mutexes
2023-01-07 20:12:11 0 [Note] InnoDB: Compressed tables use zlib 1.2.12
2023-01-07 20:12:11 0 [Note] InnoDB: Number of pools: 1
2023-01-07 20:12:11 0 [Note] InnoDB: Using SSE2 crc32 instructions
2023-01-07 20:12:11 0 [Note] InnoDB: Initializing buffer pool, total size = 16M, instances = 1, chunk size = 16M
2023-01-07 20:12:11 0 [Note] InnoDB: Completed initialization of buffer pool
2023-01-07 20:12:11 0 [Note] InnoDB: Starting crash recovery from checkpoint LSN=556996
2023-01-07 20:12:12 0 [Note] InnoDB: 128 out of 128 rollback segments are active.
2023-01-07 20:12:12 0 [Note] InnoDB: Removed temporary tablespace data file: "ibtmp1"
2023-01-07 20:12:12 0 [Note] InnoDB: Creating shared tablespace for temporary tables
2023-01-07 20:12:12 0 [Note] InnoDB: Setting file 'C:\Users\jorgi\source\repos\OpenQueu\OpenQueu\mysql\data\ibtmp1' size to 12 MB. Physically writing the file full; Please wait ...
2023-01-07 20:12:12 0 [Note] InnoDB: File 'C:\Users\jorgi\source\repos\OpenQueu\OpenQueu\mysql\data\ibtmp1' size is now 12 MB.
2023-01-07 20:12:12 0 [Note] InnoDB: Waiting for purge to start
2023-01-07 20:12:12 0 [Note] InnoDB: 10.4.27 started; log sequence number 557005; transaction id 713
2023-01-07 20:12:12 0 [Note] InnoDB: Loading buffer pool(s) from C:\Users\jorgi\source\repos\OpenQueu\OpenQueu\mysql\data\ib_buffer_pool
2023-01-07 20:12:12 0 [Note] Plugin 'FEEDBACK' is disabled.
2023-01-07 20:12:12 0 [Note] InnoDB: Buffer pool(s) load completed at 230107 20:12:12
2023-01-07 20:12:12 0 [Note] Server socket created on IP: '::'.
2023-01-07 20:12:13 0 [Note] Reading of all Master_info entries succeeded
2023-01-07 20:12:13 0 [Note] Added new Master_info '' to hash table
2023-01-07 20:12:13 0 [Note] mysql\bin\mysqld: ready for connections.
Version: '10.4.27-MariaDB'  socket: ''  port: 3306  mariadb.org binary distribution
2023-01-07 20:15:56 0 [ERROR] InnoDB: The innodb_system data file 'ibdata1' must be writable
2023-01-07 20:15:56 0 [ERROR] InnoDB: The innodb_system data file 'ibdata1' must be writable
2023-01-07 20:15:56 0 [ERROR] Plugin 'InnoDB' init function returned error.
2023-01-07 20:15:56 0 [ERROR] Plugin 'InnoDB' registration as a STORAGE ENGINE failed.
2023-01-07 20:15:56 0 [Note] Plugin 'FEEDBACK' is disabled.
2023-01-07 20:15:56 0 [ERROR] Unknown/unsupported storage engine: InnoDB
2023-01-07 20:15:56 0 [ERROR] Aborting
